"C),)(;: #)0:: #VP26 $
"C),)(;: #*09: #VP26 $
"b./"" +&@8 P#^ T!84I0%) $! 4!0T!8#^ 8 P+&@""
"b./"" +&@8 P#^ T!85%0%) $! 4!0T!8#^ 8 P+&@""
#<))) ;0 8U 00%8P 6P$@
#<))) ;0 8R 50"8P 6P$@
#@))) ;0 8W 50'8P 6P$@
#Z,/)) ;;0  8*2 8K0!08*B 9+0  8VV 22P  @
#^,/)) ;;0  8)Z :+0"(8** ;S0  8VV 22P  @
#\,/)) ;;0  8+J :#0"(8(* :[0  8VV 22P  @
$Z,/)) ;;0  8)2 ;+0  8*: 930  8VV 22P  @
$[,/)) ;;0  8)* ;30 @8): :30  8VV 22P  @
$Z,/)) ;;0  8)2 :;0  8+* 930  8VV 22P  @
$[,/)) ;;0  8*2 9;0 @8+2 9+0  8VV 22P  @
$d./"" +&@8 P#^ T!85I0$! $! 4M0T!8#^ 8 P+&@""
$f./"" +&@8 P#^ T!8410%Q $= 410T!8#^ 8 P+&@""
$f./"" +&@8 P#^ T!8590$% %! 4U0T!8#^ 8 P+&@""
$h./"" +&@8 P#^ T!85I0$5 %1 4M0T!8#^ 8 P+&@""
%d.1" @+!H8 ,#_@T 64 4$(0$(04 4T 6#_@8 ,+!H" @
%f.1" @+!H8 ,#_@T 64 4$40$404 4T 6#_@8 ,+!H" @
%h.1" @+!H8 ,#_@T 64(4$B0$B04(4T 6#_@8 ,+!H" @
%j.1" @+!H8 ,#_@T 6444%!0%!0444T 6#_@8 ,+!H" @
%j.1" @+!H8 ,#_@T 64J4$(0$(04J4T 6#_@8 ,+!H" @
(`./"" +&@8 P#^ T!84!0$I $! 4!0T!8#^ 8 P+&@""
(a./"" +&@8 P#^ T!8410$1 $1 4!0T!8#^ 8 P+&@""
(c./"" +&@8 P#^ T!84I0$1 $I 4!0T!8#^ 8 P+&@""
(a./"" +&@8 P#^ T!8410$! %% 4!0T!8#^ 8 P+&@""
(f.1" @+!H8 ,#_@T 64(4$00$004(4T 6#_@8 ,+!H" @
(h.1" @+!H8 ,#_@T 6404$P0$P0404T 6#_@8 ,+!H" @
(h.1" @+!H8 ,#_@T 6484% 0% 0484T 6#_@8 ,+!H" @
(h.1" @+!H8 ,#_@T 64@4$80$804@4T 6#_@8 ,+!H" @
(v.6" ! + #08  8#__ T  L4' H$% @$% @4' HT  L#__ 8  8+ #0" !
(t.6" ! + #08  8#__ T  L4-@H$  @$  @4-@HT  L#__ 8  8+ #0" !
(x.6" ! + #08  8#__ T  L4" H$/@@$/@@4" HT  L#__ 8  8+ #0" !
(t.6" ! + #08  8#__ T  L4(@H$00@$00@4(@HT  L#__ 8  8+ #0" !
(x.6" ! + #08  8#__ T  L400H$P8@$P8@400HT  L#__ 8  8+ #0" !
(x.6" ! + #08  8#__ T  L48PH% $@% $@48PHT  L#__ 8  8+ #0" !
(z.6" ! + #08  8#__ T  L4@(H$8R@$8R@4@(HT  L#__ 8  8+ #0" !
(v.6" ! + #08  8#__ T  L4D0H$"@@$"@@4D0HT  L#__ 8  8+ #0" !
(t.6" ! + #08  8#__ T  L4( H$F @$F @4( HT  L#__ 8  8+ #0" !
(t.6" ! + #08  8#__ T  L42 H%! @%! @42 HT  L#__ 8  8+ #0" !
(t.6" ! + #08  8#__ T  L4A H$!@@$!@@4A HT  L#__ 8  8+ #0" !
(r.6" ! + #08  8#__ T  L4# H$( @$( @4# HT  L#__ 8  8+ #0" !
(t.6" ! + #08  8#__ T  L4$ H$3 @$3 @4$ HT  L#__ 8  8+ #0" !
(t.6" ! + #08  8#__ T  L4) H$@@@$@@@4) HT  L#__ 8  8+ #0" !
(v.6" ! + #08  8#__ T  L40@H% P@% P@40@HT  L#__ 8  8+ #0" !
(t.6" ! + #08  8#__ T  L4A@H$ (@$ (@4A@HT  L#__ 8  8+ #0" !
.h/0"! +#08 8#_ T L4DH$\@$ @$ @4 HT L#_ 8 8+#0"!
.l/0"! +#08 8#_ T L5FH%F@$D@$ @4 HT L#_ 8 8+#0"!
.h/0"! +#08 8#_ T L48H$ @$\@$ @4 HT L#_ 8 8+#0"!
.f/0"! +#08 8#_ T L4 H$D@$8@$ @4 HT L#_ 8 8+#0"!
.h/0"! +#08 8#_ T L4 H$8@$\@$ @4 HT L#_ 8 8+#0"!
.h/0"! +#08 8#_ T L48H$ @$D@$D@4 HT L#_ 8 8+#0"!
.l/0"! +#08 8#_ T L4 H%:@%:@$D@4 HT L#_ 8 8+#0"!
.l/0"! +#08 8#_ T L4\H$ @%"@%F@4 HT L#_ 8 8+#0"!
.p/0"! +#08 8#_ T L5FH%F@%"@%"@48HT L#_ 8 8+#0"!
.j/0"! +#08 8#_ T L4DH$8@$ @$8@48HT L#_ 8 8+#0"!
.l/0"! +#08 8#_ T L4DH$D@$D@$\@4 HT L#_ 8 8+#0"!
.n/0"! +#08 8#_ T L5:H$D@$ @%F@4DHT L#_ 8 8+#0"!
.t/0"! +#08 8#_ T L4\H%^@$8@%F@48HT L#_ 8 8+#0"!
.h/0"! +#08 8#_ T L5:H$ @$ @%"@4 HT L#_ 8 8+#0"!
.t.6" ! + #08  8#__ T  L5 "H$# @$# @5 "HT  L#__ 8  8+ #0" !
.t.6" ! + #08  8#__ T  L4# H$$@@$$@@4# HT  L#__ 8  8+ #0" !
.|.6" ! + #08  8#__ T  L4'@H$,P@$,P@4'@HT  L#__ 8  8+ #0" !
.p.6" ! + #08  8#__ T  L4  H$0(@$0(@4  HT  L#__ 8  8+ #0" !
.t.6" ! + #08  8#__ T  L4  H$H4@$H4@4  HT  L#__ 8  8+ #0" !
.x.6" ! + #08  8#__ T  L40(H%$B@%$B@40(HT  L#__ 8  8+ #0" !
.x.6" ! + #08  8#__ T  L4H4H$# @$# @4H4HT  L#__ 8  8+ #0" !
.|.6" ! + #08  8#__ T  L47HH$0(@$0(@47HHT  L#__ 8  8+ #0" !
.|.6" ! + #08  8#__ T  L4C$H$4H@$4H@4C$HT  L#__ 8  8+ #0" !
.„.6" ! + #08  8#__ T  L4?XH$4H@$4H@4?XHT  L#__ 8  8+ #0" !
.t.6" ! + #08  8#__ T  L4P,H$  @$  @4P,HT  L#__ 8  8+ #0" !
.t.6" ! + #08  8#__ T  L4  H$P,@$P,@4  HT  L#__ 8  8+ #0" !
.|.6" ! + #08  8#__ T  L4P,H%(2@%(2@4P,HT  L#__ 8  8+ #0" !
.ˆ.6" ! + #08  8#__ T  L5X>H%,R@%,R@5X>HT  L#__ 8  8+ #0" !
4d//"" +&@8 P#^ T!84Q0$! $I $! 4!0T!8#^ 8 P+&@""
4d//"" +&@8 P#^ T!84A0$! $9 $A 4!0T!8#^ 8 P+&@""
4e//"" +&@8 P#^ T!84!0$Q $1 $I 4!0T!8#^ 8 P+&@""
4g//"" +&@8 P#^ T!84Q0$Y %! $! 410T!8#^ 8 P+&@""
4d//"" +&@8 P#^ T!85!0$) $) $A 4!0T!8#^ 8 P+&@""
!Œ66" ! + #08  8#__ T  L4Z H$F @$@ @$  @$ $@$ $@$" @$$L@$ $@$  @$  @4  HT  L#__ 8  8+ #0" !
