!   
!,&&(:#P6$
!2&)) ;0 8V 2P @
!8&,) ;2 ;V 2V D
!8&,)(;: #VP26 $
!8))) ;0 8R 6P @& "P @
!8))2 V@ P: +8 0# !8 0
!;))) ;0 8R 6P @V 2P @
!;))) ;0 8V 2P @V 2P @
!;))2 V@ P: +8 0; )8 0
!>&/)( ;:0 #8VP 26P $@
!>&/)) ;;0  8VV 22P  @
!>'0(  :$@#-HP ,6S $A8  0
!>'0(  :0@#9HP ,6; $)8  0
!>(0(  :0 #80P!86; $(, !H  @
!>),! #2 ;+ :6 TV 2P @
!>),( :2#;P 6V"DP 6 $
!>),) ;0 8V 4* ;& "V D
!>),) ;2 ;R 6V 4& "P @
!>),)(;: #V02V $ P 6 $
!>),2 VD V: +3 :# !8 0
!>),20VT &;0); " 8 + "
!>)0$  6  P0 #80:!8(;  (, !H  @
