#&"$8\
#+$%\DFH
#2*$\DD@0 PH@<
#4(&,>  2SSS
#:*&,,SM,2,A _
#<*&>,_> AAA _
#I2&,>2,> 2 _ V(V J ^4
#J/(. 1 Q@_@@@* $ * * 0 3 BP)0Y *
#M1)"   ?P20E(B((@00,@? !P P'P! #   &
#P,. P !X !X $R $" (! (! 7.@1X@X!P*U !(
#U9&,,A S> 2,><$^ B4B \ G<'$!
#Z-.8!@8!@D"08Q@!X $" %Z Z%P1(@1(@6&@   #\
#n.4 /   &  !O8 #_\ # , ( ! &@6 *PU $/" Z)%P:@5@1 (@$ " ( !
#r3-/> &, ?? /^    0! 0! 0! ;[ #8 Z+@4%    ("    X#@(" V-@("
#r9/&# /'@.#@"" ( @,!@   4!0&#    #&    !L !$ "" !$ $I    ''    Y$X.#@X X( @@ (
#t1.&& && 0P@   =+@/_    // 7.@0 @AX0@ 0C,0W.P(Q !X !X
#:*# '@'@3(0(@$807H!XP ?H[P<$+X5T201X@08 _@ 0!@'@ 0!< 0
#€>*# # $@# > = A :@X !P5@6PA A@(@2P2 "P  %H-H.P?(7( $0X <= *P%
#Š23!@P !@P &*, '.< , & ,JF 6JM .@N 0 !  J@ X1#@8QC V$-@( " ! 0 "NH #@X  U@
#Œ5.\#P8!@8Q@ P "$ +] && :U@%Z <#@4"@%Z +] '. )Y '. 0 @)) 0 @$" +]
#Ž55 P8 !X\         !(D #(F #-F -P=@$G) (  @ G( . #@+ &@0  0 P8 ;@.P,HI@@@(((@(@[ &X(  @
#¢32&,8&,80A"   9SF/_\   K U'_X1AB#_P9AF#_P   $ (- L? ^>_>4 *
#¯>/ 0    #^ "2 $I $1 %% #& (0@/7@0X0!$ 0H0)L@<YP5]0U]8"2 0X0?OP X 0 0   550/7@6#0$! !4 "2 !L
