"+#'J@U 5
"+#'6 U@-
"+#&UKJ
"+$&4;J*
"+$'6 5@R (
"+%%<4V((
"+%&0<D+,
"+%%XH2<$
"+%&H6:#$
"+%'@ : 1@' !
"+$)X &X1  0
"+&'@ 8 1 % #@"
"+&'@ 8 2 !@' !
"+&(@ 8 0 % "P#
"+&(@ 8 0 %0"@"@
"+&(H 6 4 !  P @
",$&LCQ-
",$&MAS,
",$)00' XX"
",$+X.  54!
",&&0,X',"
",&&0<D)."
",''X   0 ( #@< !
",(($ % 0  PP  @* "
",&+X   5 !4   .
"-#)50U8*@
"-$'5 ; J@*
"-%%86JT,
"-&&0<T)."
".$'6 5@U -
".%%4^ ^4
".%'0 = U %@*
".%(0 = PP+@ @
".&'0 < Q - #@"
".&'( X 5 5 #@"
".&(0 < P@*@!P!
".&(( X 4@2@!P!
".''0 < P ) % #@"
".''0 < P * !@' !
".++0 P ( " #  @ P   ( & $
"/''0 < D + - !@"
"0%.0 @P P,# #,  P
"0(*0 ' X " !  <#@ (
"1%'5 ; J@; *
"1+,0 P (   & " !@ B * ' $
"2%'* [@* [@*
"2((0 < D - + "0#@ @
"3%)(@R850=P%
"4&'5 5 J@* [@*
"4,,0 < P (   & " !@ B * ' $
":)*# X<$@0(# 0($@X<#
"C')K0U850W8HH70-@
