$&$$0<@(
$)%&4 Q."
$,%'* H@@@B@*
$.&&> AS,2
$0$,X''X0"!@
$0&&2M22M2
$0&&<6W!'$
$1()H B B *@"@"("( H
$1(*0 Q(, #\   0 8 (
$1&'5 ; J *@% %
$2%** TH4H4L!0
$2%-#X X#@$$ 0! !P
$2%.X$ 'X 0# !@P  @
$3%)/@20B(20/@
$3&'5 ; * J@5 5
$3((* .@P@0PP ! < $
$4%00 (P8,, P!^ "!
$4&'5 ; * Z@5 5
$4&': 5@K * [ *
$6''T W ! Q@0 =@%@
$9''5 5 _@  _@1 5
$9''V = B@=@E %@*@
$<))< / W  P(P(X&8 H @
$<+,@!8&22$(!@  !@$(228&@!
$A))*@% E(=PB(=PE(% *@
$C))*@- U(=PB(=PE(% *@
$E))*@-@U8=PB(=PE(% *@
$E))*@- U(=PB(=PE8%@*@
$H+/"" .#@!$ "" B"(:JPB"("" !$ .#@""
$H-- @ )2 ;;    (" 8# @ @8# ("    ;; )2  @
$L00 D  \ !"       (80P ,1:(1:(P ,(80      !"  \  D
$|11 J  V "4@!5 * H%_0QC&=!<A!"=!<QC&%_0* H!5 "4@ V  J
