"$"#P8
"$##@80
"$##X 0
"%##X00
"'#$PLP
"'#%H64
"'#$PLH
"'#%4V(
"'$$0<P(
"(#%HV4
"(#%J4<
"(#%HVH
"($%HBB*
"(#&AMA
"($&@IE!
"($&0'X"
"(%%< V (
"(%&@82&!
"(&&@80"&!
"(&&@80$#"
")#%JV4
")#'[@$ 1
")$'X & 1@!
")$%HRB*
")$%44V(
")&'@ 8 0 & !@!
"*#&UJJ
"*#&TKL
"*#&TKJ
"*#'J 5@5
"*#'J@5 5
"*#(YP& 0@
"*#(X@& 1P
"*$$XH4<
"*$%XH68
"*$%XH64
"*$%PLT*
"*$%HFR*
"*$%<4V(
"*$%86T,
"*$&J3<$
"*$&H6:%
"*$(Z $@1@ 0
"*%(X & 0@!@ 0
"*$(@@8P3 $
"*$(0 %PZ  @
"*%%H68&$
"*%%0<T&(
"*%&H0>"%
"*&(@ 8 2 $@!@ 0
"*'(@ 8 0 &  @!@ 0
