!("'Q@Q@
!("(PPPP
!(",P#P#
!(#&PS#
!(#'P Q@!@
!(#)P P8 8
!(#,P P# #
!($&PP##
!($'P P !@!@
!(%%PP &&
!(&'P P     !@!@
!('(P P        P P
!+$(Q@R0"@!
!,&', D P !@$@&
!4')00HHP8  P8HH00
!4,3P   P     ! & "@& "@  !               8   D   8
"&!+X.
"/')-@E(P8  " " "
"=67P   P              ,  02  H4  P(                      & ( & (   (       (   4   4   (
$@PYP         H         @                                                                                                                                                                       P        !(         P                                                 8         8                   8         8                                                 $         *         *         $                                        8         8                                              <
