")#&HOH
",#)% ]X%
",#*$@\\$@
",$'@ T W@4
",%%VB< <
".%', 2@J@2@,
"/#)HHOHHH
"/$(A@T0V 5@
"/%&QK+JP
"/%(@ U@V 40!@
"/%(P J +PJ P
"1%(C T@U04@#
"1''V 6 0 /@$@$ $
"2%'Q@J@* J@Q@
"2&(Q@J0*P6 * $
"5%)P8JH*@JHP8
"6%+,82DJJ2D,8
#2((, 2 H B@40!0$@#
$2'(, (P 0_@@ & &
$9'(PPF09@( 9@F0PP
$H,-$$ ** 0! R)@A0@!0 !0 A0@R)@0! ** $$
'($'T 0 ! %@
(F*/@ (0 0;6PR"8      R"8;6P0 0@ (
)0&(* 2 1PX@$@%
):),V 4030,@" 4,8( ' !
);),@,X($$,, 0!/"Q"( 8
)H+7P  &0  $4  4,  8    !^_     ,  84  40  $P  &
)b.1 8  D &4 %FV 84#'D$PH*&03Q@4, VS0 4P 2  ,
*("&VK
*G*+& %6!:R A\>" FM U0 P
,0'': 1@@@  @@Q +
,`.1,  (  "S &R@( 05_@40 RQ6*O:) @8V@ 5 !  !@
-m12!A "2@!B0 =3'C5(H4*%F' H =(=C0F8@PG  8  #  !  "  #
.@**' +00($DP,P,D@0(+0#@
44**' 0 $ L @$@$ T @ (#@
85'6P  ,0  (4  H,  P ,   6   ,
<J'9.  . "  ( I0!2@FP!L@I0!2@"  ( .  .
F8&/8 PL!HV#8$1  H  0
P:77P   0   4   ,                    .   2   B   D   X                             8   0   .   "
P`;=!P ' !( ) !$ 1  D 2  < <                               $   0*   HP   &*   H$   0                               < <  D 2 !$ 1 !( ) !P '
DPABP     P                         "     &     *     <            <     H     P     @@    !@    "B    '"            P         !@           (<    (H     P     @                                   8     8
€8;;P    P @   !@   "@   '          '    *    ,    (                                                                                 8    8
