$,&&8DJ2!*
$,'', % @@Q   4 (
$2%'Q@5 ; 5 Q@
$2'(, (P 0_@@ & &
$4**P 0$4<,@ 0!@!   # #
$4++P 0 6 (P 0#@   8 0 . "
$6%,X'&8  ?^!@
$6(,X &   ?@!^   8 '
$8&1(  4 , !HFH"Q*F A
$8'18  +" @)&RJR!    4  (
$9'(PPF09@( 9@F0PP
$9)), /@! A(A(A(! /@,
$<**, * ",&D X< E@Q !0 P
$C,,# #   #P$K&+U(T(#P   P P
$C,,# #   #P$K%+U(T(#P   P P
$D(.@ 0X!P%* (! 6&@IY0D"08!@
$D++# $@&@ L>J@"J\: "P"0!@
$F(/@ (X0X%% ( @6#0I\HD!(8 P
$H&4-I; E *0PPPP#/, $@2 # ,
$H(0@ $X8<%"@( 06!HI^4D D8 8
$H,-$$ ** 0! R)@A0@!0 !0 A0@R)@0! ** $$
$J'5# & $@) #/F PP88E %(-HM@ "
$L'6# # $@$@#/S PP,,E "D-H6P #
$L..!@ !@    !X "$ %JP$*PU" U: "$ !X     8  8
$P.. @ !0 "0 "T &' !8@="0D+@1H .& "T  D  H  0
$X22 @ !8  &  P  .      '!N8?P  #^&=@X      <  #  8  &@ !
