!,#(P FP;0
!,#(PPF0;
!,$%V44V
!,$'R E 4@)@
!,$(8 DPR0!@
!,$(Q@204P(
!,$(S D@90 @
!,%&0KJ2,
!,%&D\ /)
!,%&P25U"
!,%&PK*)&
!,%&PK*2,
!,%&PK+(8
!,%&PK:"#
!,%&VT$%#
!,%'H U@% % "
!,%'P H 3 ,@!@
!,%'P H 4 )@&@
!,%'Q 2@5 * $
!,%'Q@H@) * $
!,%(0 H 4P)0&
!,%(P HP)0* $
!,&&8D:%%"
!,&&PH4*%#
!,&&PH8&%#
!,&'P 0 6 ) $@#
!,&'P H ( + $@!@
!,&'P H ( + $@#
!,&'P H ) *@% "
!,&'P H 4 $ %@"@
!,&)P H $ "8!( P
!,''0 H 4 * % "@!
!,''P H ( * % ! !@
!,''P H ( * % "@!
!-$(S D@90 P
!-$)80DHR0!@
!-%&F]!.(
!-%'H U@% $@#
!-%'H U@%@$ ,
!-%'P H ) *@;
!-%'P K *@) &
!-%'P K *@) 8
!-%'Q J@+ ( 8
!-%'Q@I 5 * $
!-%'Q@J@* * $
!-%'V T $ %@"@
!-%(P H 4P)0&
!-%(Q0BP2 * $
!-%(R E 9 !0 P
!-%)0 H84H) &
!-%)H T8$H% "
!-&&PK*)%"
!-&&PK*24(
!-&'P 0 6 U "@!
!-&'P H ( + :@!
!-&(H T $ %@"0!@
!-&(H T $@%0"@!
!-&(P D : " "P!0
!-&(P F 9 "@!0 @
!-&(P H ( + &0 P
!-''P H 4 * " "@!@
!-''P H 4 * % "@!
!-'(H T $ % "@!0 @
!-'(H T $ % "@!0 @
!-'(P 0 4 * " "P!0
!-'(P 0 6 ) "@!0 @
!-((0 H 4 * " "@!0 @
!.$'; J@J@1
!.$'Q@J@* ;
!.%&8NA=&
!.%', 7 @@? $
!.%'0 K J@:@!
!.%'P 3 4@T@#
!.%'P K * :@!@
!.%'P K *@:@!
!.%(H T $@%0-@
!.%(H U@%0$@,
!.%)P H84H) &
!.%)S D@90 H 0
!.%*P(H4$H"0!@
!.&'H U@% $@"@!
!.&'P H 5@- ! !@
!.&(P H 4 )@&0 P
!.&)P 3 4@)0 H 0
!.''8 D 4 + $@"@!
!.''8 D <   ' $@#
!.''P H ( ; " "@!@
!.''P H ( ; "@"@!
!.'(0 H 4 *P"@"@!
!.'(P H ( + $@"0!@
!.'(P H 4 ) &@ @ P
!.'(P H 4 * " "P!0
!.')0 H 4 )@&0 H 0
!.')0 H 4 * "8"H!
!.((8 H 0 . ! "@!0 @
!.((P H 4 $ % "@!0 @
!.((P H 4 * " "@!0 @
