!   
!$""PP
!$##0H0
!%##PH0
!&"$TL
!&##PH8
!&#$8D8
!&#$PD,
!&$$0H4(
!'#%PJ&
!'$$8DH0
!'$$PH(,
!'$$PH4(
!(#%PF:
!($$8DD8
!($$PH4,
!($%8D2,
!($%P06*
!($&PH%#
!(%%0H4*$
!(%%P04*$
!(%%PH$"&
!)#&SI&
!)$%V44(
!)$&LR%"
!)$&P35(
!)%%P06*$
!)%%PH(*&
!)%%PH4$&
!)%%PH4*$
!)%'P H $ "@!@
!)&&PH$"!#
!*"'V@M@
!*#'V L@!@
!*$%V4D8
!*$%VT$&
!*$&PF9#
!*$&PH3-
!*$'0 I@2@,
!*$'P F ,@!@
!*$'P I@$@#
!*$'Q@I % "
!*%%8DJ4(
!*%%PH4*&
!*%&P06)&
!*%&P25*$
!*%&P@3)&
!*%&PC2*$
!*%&PD:"#
!*%&PH(+%
!*&&0H4*%"
!*&&0H8&%"
!*&&P04*"#
!*&&P04*%"
!*&&PH(*%"
!*&(P H $ " !0 P
!*''P H $ " !  @!@
!+#'S D@9@
!+#(V M0 P
!+$&SI*,
!+$&V52,
!+$&V52P
!+$'P @ =@&@
!+$'P A@<@&
!+$'P I@2@,
!+$'R E 9 !@
!+$'V M ! !@
!+$(P K &0 P
!+$(P@I0$@#
!+%%8DJ2,
!+%%V4DH0
!+%&P06U"
!+%&P25)&
!+%&P35*$
!+%&PK**$
!+%'H T $ %@"@
!+%'L R $ #@ @
!+%'L R % "@!
!+%'P 2 5 ) !@
!+%'P A 2@) &
!+%'P F - ! !@
!+%'P F 9 "@!
!+%'P H )@*@$
!+%'T L # "@!
!+%(P H $P"0!@
!+%(P HP$@"@!
!+&&P06)%"
!+&&PH(+%"
!+&&PH(.!#
!+&&PH4$%#
!+&&PH4*"#
!+&&PH4*%"
!+&&PH8&%"
!+&'H T $ % "@!
!+&'P 0 6 ) "@!
!+&'P @ 0 )@$@#
!+&'P @ 1@) % "
!+&'P D , # "@!
!+''0 H 4 $ % "@!
!+')P H $ " !  H 8
!+((P H $ " !  @ 0 P
