!."*VTUL
!.#*S8E48(
!.#*V TT!L
!.#*VPUD ,
!.$(8@E0E08@
!.$(Q@J0:0!@
!.$)8PE(50(@
!.$)U@V0 H 8
!.$*0 IL2L,
!.$*P 3854((
!.$*V TP!D ,
!.$*V U, D 8
!.$*V,U( H 0
!.%'T@W@  !@!@
!.%)@ XP%(-0 @
!.%)P H (0*H&P
!.%)U V@ @ H 8
!.%)V U ! !8 H
!.%*0 JP;( 4 (
!.%+P H $$"J!L
!.&'T W  @! * ,
!.&(T W  @!0!0 @
!.&(T W  @!0"@!
!.&(V U  @ 0!0!@
!.&(V U  @ 0#@"
!.&)8 H 0 .P"H 0
!.&)@ X %@-  X (
!.&)P H 0 .P"H 0
!.&)T W  @!  X (
!.&)T W  @!0 H 0
!.&)V U ! !0 H 0
!.&*P @ 0 ((%4#8
!.&+V U  @ 0 * &
!.''T W  @! " $ &
!.'(8 ( 0 @ =@%0 @
!.'*V U  @ 0 ( $ ,
!/#+MLVJ $
!/#+P$FJ-L
!/#+V$LJ!L
!/$)8PE(E08@
!/$*P IL2L,
!/$+08JD;* $
!/$+; JF02 ,
!/$+P F$,J!L
!/$+QL2J4$(
!/$+V$U* D 8
!/%)@ XP%(-( P
!/%*H T $(%4#8
!/%*P H 38-4 (
!/&(P P   ]@E0 @
!/&(T@W@  !@!0 @
!/&); J@00 ( H P
!/&); J@00 (!P!
!/&)V U ! !0 H 8
!/&*; J@0@ H 4 (
!/&*P H ( +8%4 (
!/&,P H $ ""!5 V
!/''T W  @! " "@!@
!/'(0 J ;@ 0 @% &
!/')0 J ;@ 0 H H 0
!/')0 J ;@ 0 H!0 @
!/'*0 J ;@ 0 H 4 (
!/'*@ X $ ( '8!4 (
!/'+P @ 0 ( $$"J!L
!/((0 J ;@ 0 @! " #
!0"+VVVV
!0$)8PE(E(8P
!0$+P IL2J,$
!0$,;"JE02 ,
!0%%VV VV
!0&*P H 4 $(%4#8
!0'(0 J0;P   P!0 @
!0')0 J0;P   P H 0
!0((0 H 4P)0&   & &
!0((R E 9 !@  !@!0 @
!1%-V  U   @  5@ -@
!2&'; ;   ; J@1
!3'(0 J ;@ 0;@J 0
!3')V U ! !8#0"0!@
!4'(0 J@;0 0;@J 0
!4'*; J@0@ L!H!( P
!4(*0 K :@ @ L!H!( P
!5')0 JP;( 0;@J 0
!5))1@I05($P,   , 4 (
!8'(P@E0=@  =@E0P@
!8'*V,TD!P  !P$D&,
!9'+QLDJ.$  . D@Q@
