!/%)S D@90 H 8
!/%*0 H 4,)D&P
!/%*0 H84D),&
!/%*M@V0 H 4 (
!/%*P,H44@) &
!/%*Q@204H(4 (
!/&'P C >@ @' $
!/&(P H ) *@:0!@
!/&(P HP4@*@% "
!/&)P H 4@)0&0 8
!/&*0 I@20,H 4 (
!/&+P H$$*"4!( P
!/'(0 H 4 *P"@$@#
!/'(0 H 4 *P"P" &
!/'(8 D 4 U "@!0 @
!/'(P H ( ; "@"0!@
!/'(P H 4 *P"@"@!
!/'(V T $ % "@!0 @
!/')0 H 48*("0"@!
!/')P H 3 ,@!0 H 0
!/')P H 4 )@&0 H 0
!/')P H 4 * "8"H!
!/'*0 H 4 *,"4"@!
!/((P H 4 * " "@!0 P
!/((P H 4 * " "P!0 @
!/()0 H 4 * "0"H!0 @
!/()8 D : " "@!0 H 0
!/()P H ( + $@!0 H 0
!/))0 H 4 * " "@!0 H 0
!/))P 0 4 * " "@!0 H 0
!0$'; J@J@;
!0$(VP6@0@PP
!0$)8PE(50-@
!0%)1@I05($P,
!0%*P H 4 )L&T
!0%*P H 4,)D&P
!0%*P H84D),&
!0%*Q@204H(4 ,
!0%+0PI(24,* $
!0&*P H 4P)(&4 (
!0&*P I@20,H 4 (
!0&+P H&$*"4!( P
!0'(P H 4 *P"@"0!@
!0'(P H 4 *P"@$@#
!0'(P H 4 *P"P" &
!0'(V T $ % "@!0 P
!0')0 H 4 *P"H"0!@
!0')0 H 4 *P"H"0&
!0')0 H 40*H"P" &
!0'); J 2 "@!0 H 0
!0')P H 4 )@&0 H 8
!0')P H 48*("0"@!
!0'*P H 4 *,"4"@!
!0'*R E 9 !0 H 4 (
!0((0 H 4 *P"@$@% "
!0((: F 0 . ! "@!0 @
!0()0 K : " "@!0 H 0
!0()P H 4 ) &@ @ H 8
!0()P H 4 * " "P!( 8
!0()P H 4 * " "P!( P
!0()P H 4 * "0"H!0 @
!0))P H 4 * " "@!0 0 8
!0))P H 4 * " "@!0 H 0
!1%+P H84D)*&$
!1&*P I@20,H 4 ,
!1')P H 4 * "0"H&P
!1')P H 4 *P"H"0!@
!1')P H 4 *P"H"0&
!1')P H 40*H"P" &
!1'*R E 9 !0 H 4 ,
!1((P H 4 *P"@"0!0 @
!1((P H 4 *P"@$@% "
!1()P H 4 * " "P&H 0
!2%'Q@J@* J@Q@
!2''V U $@'@  !@!@
!3''Q@D@.   . 1 ;
!4&*0(H4DD88'@$@
!4&*P,DD<X  '@$@
!4''Q@D@.   . D@Q@
!4')P0HH)0*@: 2 ,
!4((PP@0) ?@  & ) &
!5')V 5 1 Q8#0"0!@
!5))P 0 6 U ! !8#0"0!@
!6&)-@E U %8%(-@
!6&)-@E(U8% % -@
!6'*0(H4DD<X  '@$@
!8((VP6@@0?@  & ) &
!B))-@50E(XX  XXE(50(@
