!("%VV
!)#&VU"
!*"'V@U@
!*#&VU#
!*#'; J@1
!*#'V T@!@
!*$&0KK0
!*$&VT!#
!*$'0 K :@!
!+#'Q J@;
!+#(M@U0 @
!+#(P@E0-@
!+#(U@M0 @
!+#(V U0 P
!+$'1 J@K 0
!+$'8 E@5@(
!+$'P A *@;
!+$'P K :@!
!+$'T W  @!@
!+$'V T #@ @
!+$'V U ! !@
!+$'V U "@!
!+$(P E@-0 @
!+%&VT"!#
!+%'P @ + :@!
!,"(VPVP
!,#'Q@J@;
!,#(P JP;0
!,#(PPJ0;
!,#(U@M0 P
!,#(U@V0 P
!,#)P0JH&P
!,$'1 J@J@1
!,$'8 E@E@8
!,$'P A@*@;
!,$'P K :@!@
!,$'Q J@:@!
!,$'Q@@@* ;
!,$'V U "@!@
!,$(0 K0JP0
!,$(8 E@50(@
!,$(8@E05@(
!,$(; J@10 @
!,$(@ X@%0-@
!,$(P 0@50-@
!,$(P @@=0%@
!,$(P K :0 P
!,$(P@E0-0 @
!,$(U V@ @ P
!,$)P JP&H 0
!,$)V U  H 8
!,%'0 H E@5@(
!,%'P @ 1 *@;
!,%'P A *@:@!
!,%'P K :  @!@
!,%'T W  @! !@
!,%(0 K :@!0 @
!,%(@ X %@-0 @
!,%(P 0 5@-0 @
!,%(P @ =@%0 @
!,%(T W  @!0 @
!,%(V T " !0 P
!,%(V U  @ 0 P
!,&'P @ + :  @!@
!,&'P @ 0 + :@!
!,&'V T " !  @!@
!-#)V8U( P
!-#)VPVH 0
!-$(8@E0E@8
!-$(@ XP%0-@
!-$)P 3858(
!-$)P FP:H 0
!-$)U@V0 H 0
!-$*P H(%4#8
!-%(@ X@%0-0 @
!-%(P K : !P 0
!-%(T W  @!0 P
!-%(T W  @!0!@
!-%(V U ! !0 P
!-%)P 0 6P*H 0
!-%)P @ 00*H&P
!-%*V U  @ 4 ,
!-&'T W  @! " #
!-&(P 0 @ =@%0 @
!-&)0 J ;@ 0 H 0
!-&)V U  @ 0 ( 8
