!   
!$""PP
!%##P08
!&#$PD,
!'$$P0<$
!($%@X."
!)#&QG,
!)%%P0<$&
!*#%V4V
!*#&R>3
!*#&S>2
!*$%VT$&
!*$'P F ,@!@
!*%%P0V$&
!*%%PF,$&
!*%&P0<'!
!+$%VV0P
!,$%V44V
!.$%VV4V
!.$'V 4 W@!@
!.%'P 1@W@$ &
!.&'P \ $ -@! !@
!/%%VV0>&
!2$)P8]X% -@
!2%%V^ ^V
!2%'P ]@% ]@P
!2%'V ^   /@-@
!2%), $8]XQ !@
!2%)P ]@% -X 8
!2&'P \ $ ]@Q !@
!2&)P \ $8-X! !@
!2')P \ $ -@! !X 8
!4%&S_ _S
!6&,& "!+7ZT@0 8
!6%'T@_@  _@T@
!6%)P8]X% ]@P
!6&)P \ $8]XQ !@
!6')P \ $8-X! !X 8
!:%)P8]X% ]XP8
!:')P \ $8]XQ !X 8
!D))-@% E(]X  ]XE(% -@
