!   
!$##0H0
!%##P08
!&#$8D8
!&#$PD,
!'$$8DH0
!'$$P0<$
!($$0<X(
!($$8DD8
!($$P0L4
!($%8D2,
!)%%P0<$&
!*$%D\.(
!*$%HX.*
!*%%P0V$&
!+$&HT/)
!+%%0<T.(
!+%%8(>J0
!+%%P0X.*
!+%%P0Z.(
!+&&P0<$'!
!,$&D\/)
!,$&U7<$
!,$'R@E@. "
!,%%P2>X(
!,%&(XM'$
!,%&82V'$
!,%&HX,'%
!,%&HX-'$
!,%&P0Z-*
!,%&P2>'$
!-%&(Y7<$
!-%&0H1_,
!-%&4LN5"
!-%&8(A_,
!-%&D\+."
!-%&HT/)8
!-%&HY/$,
!-%&P0\/)
!-%&RE.<$
!-%&V4>%"
!-%'4 L 6@#@"
!-%'H X - &@%
!-%'P 2 > %@"@
!-&&0J=)*$
!-&&4L0'."
!-&&8DD>%"
!-&&PD,>%"
!-''P 0 < $ ' ! !@
!.$&S2_,
!.$'8 D@O@6
!.$'J V -@*@
!.$'T 7 = %@
!.%&,_22,
!.%&4LG6*
!.%&83Z-*
!.%&:FG<$
!.%&D\/)8
!.%&L_".(
!.%&S2>X(
!.%&S2V'$
!.%&U7<$&
!.%&V4<'%
!.%', ) [ C@"
!.%', 2 G@<@$
!.%'0 H D@?@&
!.%'0 K <@- *
!.%'6 O@0@$ ,
!.%': F 7 *@!
!.%'@ Z@+@. "
!.%'D \ - &@%
!.%'D \ -@$@&
!.%'D \ -@) #
!.%'D \ .@#@"
!.%'H X . '@$@
!.%'L R * )@&@
!.%'P 0 [ ,@+
!.%'P 1@\@. (
!.%'P 2 > '@$@
!.%'P 2 N 5@"@
!.%'R@E@. " #
!.%(4 L 6@#0"@
!.&&0<X'."
!.&&0J=)2,
!.&&8(,?I0
!.&&80%7L4
!.&&80Y/$,
!.&&82V'$,
!.&&P0Y/$,
!.&&P0\/"#
!.&&P2>'$,
!.&&P2UR08
!.&&V4< '%
!.&'@ X ) / #@"
!.&'D \ .  @#@"
!.&'H X   . '@$@
!.&'P F /@ @" #
!.&'P F /@! "@!
!/%(: F ;0!P!
!/%(H X -@&0%@
!/&&8D8Z-*
!0%'F _@) ) &
!0%): F ;0!H!0
!2%(F0_P) ) &
!2&(0@I0?@) ) &
!5'(P 0@90_@) ) &
!8'(PP0@9@_P) ) &
!D**# $@$@?XDDDD?X$@$@#
!H,,!@! # #0.H]1BO%<"P P @!@
