$)$&@GC@
$*"'[@Q@
$*#'J@Q@*
$*#'Q@; 1
$*#'Q@; @@
$*#'R@1 I@
$,$&QIIQ
$,$'A F@F@A
$,$'C D@C C
$-$'P S@Q@P
$-$'P@K@J P
$-$*B B<B,B
$-%)@ C(G(@( (
$.%'P K J P@!@
$.$'Q J@J@Q
$.$(PPJ0K P
$.$*QD[D $ $
$.$+! Y&Q.!
$.$+! Y.Q&!
$.$+9 Y&!.!
$.$+9 Y.!&!
$.$+A Y&).!
$.$+A Y.)&!
$.&)( ((3(R($($
$/"+[NQL
$/#+JJQL*"
$/#+Q,;&1D
$/#+QD;&1,
$/#+QL;&1$
$/#+QL;&@H
$/$(Q@J0J@Q
$/$+1 I.I&1
$/$,P@DC,G @
$/$,P@DG,C @
$/%(P J K@P@ P
$/%)( &PVX4 $
$/&'\     0 ;@;@
$/&(4 (0BPBP( 4
$/%+P A )&9.!
$/%+P A ).9&!
$0#)]XE(8P
$0$'Q@J@J@Q@
$0$'Q@R@R@Q@
$0$(P@K0K0P@
$0$(P@S0S0P@
$0$(Q@I0I0Q@
$0$(Q@J0J0Q@
$0$(Q@R0Q@Q@
$0$)8 EX]( P
$0$)8@DXY((P
$0$)8PE(XX(@
$0$*B$EDEDB$
$0$*C$DDC$C$
$0$*C$E$E$C$
$0$*Q$I$I$Q$
$0$+B$B:B:B$
$0$+B,B2B,B,
$0$,8@DC4G(@
$0$,8@DG4C(@
$0%(P J@K0P@ P
$0%(Q J@J0Q0 @
$0%,P 0@<C$G @
$0%,P 0@<G$C @
$0&)$ ( R(38#8$
$0''\     8@8@D@8@
$1$+B"ENEHB
$1$+C C.C&C
$1$+C"BNBHC
$1$+Q I.I&Q
$1$+Q Q.Q&Q
$1$+Q"I.I(Q
$1$,(@TGTC(@
$1$,0@LGLC0@
$1$,8@DC8G8@
$1$,8@DG8C8@
$1$,8@DGDC8@
$1$,8@HGHC8@
$1$,A"Y-)-!"
$1$,A&Y))&!&
$1$.B( B)PB(PB(
$1%*P J$KDPD $
$1%*P P$SDS$ $
$1%+@ D$G:A: $
$1%,0 H@DC4G(@
$1%,0 H@DG4C(@
$1%,P 0@LC4G @
$1%,P 0@LG4C @
$1%-B  B,@B<@B @  @
$1&(]@]@ @    #P
$1&)\     )X9X8
$1&)P J K@P@ X (
$1'(\     0 M MP00
$1'(\     00MPM 0
$4#/JJHQL8*"@
