"#!#X
"$!$\
"%##H0H
"("$\\
"*%&,A2A,
"+%%4(^(4
"+%%H4J4*
",#'N@1 N@
",$() YP@0&
",&&,(QC$,
",&'( J @@@@*@"
",&'. @ B H )@"
",(($ % 0  PP  @* "
"-%'0 C@5 X@!
"-&&P0X,'%
"-&(( X N  0!P!
"-&** " P@(<" "@
".$&HOOH
".%'2 / 5 C@0
".%'B I@E@F (
".&&P08L7)
".&'@ H F E@)@"
".&(H X . (0!P!
".&(\   4 ' #P 0
".&+% ! X0$.! !0
".))8 0 P $ $ #  ( X @
"/$(K WP(0,
"/%(H T (0/P#
"/&'H 4 J :@!@#
"/&'H X . & #@"@
"/&'P 0 8  @?@6
"/''P 0 Y . -  @!
"/'(, ( X N  0!P!
"/()$ % 00 HP( P* "
"0#)B(_X-@
"0$'H O@O@H
"0&&2<QQ<2
"0''* $ 1 [@1 $ *
"2$'J@N@N@J@
"2&() & VP& 6@&
"2(*" "@8(@4H$08% !
"4$(I0O0O0I0
"4$(T WPWPT
"4&&U7P#ZK
"4''$ 5 . [@. 5 $
"4'(& @0YP) / < $
"8(($ <@+@(PQ = 3@"
