"%##H0H
$%##P80
0/#+JJ;,@B
,*#'J@9 B@
09#3JJJ@;N[ @  @
44#/JJHQ$0*JH
84#/JJH[L8 "@
<C#;JJJJHQ$1.P*JJ@(
@9#3JJJ@[N[    @
DC#;JJJJH;N[NP@   (
HC#;JJJJH[NQ$0  *JH
LH#?JJJJJ@;N[D1 @  *J@
PH#?JJJJJ@;N[L; @  "@@
T>#7JJJJ[NY,  "B
XM#CJJJJJJ1N[N[$J    J
`R#GJJJJJJHQ$1D1$P*JJ*JJ(
dR#GJJJJJJH;N[L1NP@  "J (
lM#CJJJJJJ;N[NY,@   "B
t\#OJJJJJJJJQL1$1&1L*"JJJHJ"
xa#SJJJJJJJJH9$1$1$1$PBJJJJJJJ(
|W#KJJJJJJJ@;$9$Q$1 @JBJ*JJ@
Äa#SJJJJJJJJH9,1$9$Q$0BBJJBJ*JH
å\#OJJJJJJJJ9$1$3$9$BJJJHJBJ
êM#CJJJJJJ3$9$1$HJBJJJ
§C#;JJJJH;D1$P@*JJ(
®a#SJJJJJJJJH;&QN1$1DP@H* JJJ*(
¨a#SJJJJJJJJH9$3$1$1$0BJHJJJJJH
∏f#WJJJJJJJJJ@9$Q&[N[N1 BJ*H    J@
ƒW#KJJJJJJJ@9$3D1D1 BJH*J*J@
»H#?JJJJJ@;N[D3 @  *H@
‘a#SJJJJJJJJH1$3N[$1$0JJH  JJJH
Ùa#SJJJJJJJJH1$1$Q$1$0JJJJ*JJJH
ˇW#KJJJJJJJ@1$;$1$1 JJ@JJJJ@
ˇf#WJJJJJJJJJ@9$1N[N[D1 BJJ    *J@
ˇR#GJJJJJJH1$Q$1$0JJ*JJJH
ˇW#KJJJJJJJ@1.Q$1$1 J@*JJJJ@
ˇf#WJJJJJJJJJ@9,;N[NY$3 BB@   "JH@
ˇW#KJJJJJJJ@1,1$1$1 JBJJJJJ@
ˇa#SJJJJJJJJH9.[N[N[D0B@     *H
