!*#'@@[@*
!*$'@ Z +@ @
!+#(P0EP-
!+$'A Z@*@!
!+$'P @@+@:
!+$(P E -P 0
!+%'P @ * ;@ @
!,#)P8E(-@
!,$'1 J@J@1
!,$'Q@@@* ;
!,$(A Z@*0!@
!,$(A@Z0*@!
!,$(P 00=P%
!,$(P @P*0;
!,$(P@E0-0 @
!,$)P E@-( 8
!,%'P A *@:@!
!,%(P 0 = %P 0
!,%(P E@-  0 P
!,&'P @ + :  @!@
!-$(8@E050(@
!-$(A@Z0*0!@
!-$(P 00MP5
!-$(PP@@+@:
!-$)P 08=(%@
!-$)P@E0-( P
!-$)PPE(-0 @
!-%(0 H0EP5 (
!-%(A Z@*0!0 @
!-%(P 0 M 5P 0
!-%(P 0@=0%0 @
!-%(P A *@:0!@
!-%(P A@*0:@!
!-%)P E -P 0 8
!-&(P @ * ;@ @ P
!.$(8@E0E08@
!.$(PP@@+0:@
!.$)8@E05((P
!.$)8PE(50(@
!.$)P 08M(5@
!.$)P800=P%
!.$)PPE(-( P
!.%(1 J@J010 @
!.%(P 0@M050 @
!.%(P A@*0:0!@
!.%(P@A0*0:@!
!.%)0 H8E(5@(
!.%)@ X ((.X"@
!.%)P 0@=0%( P
!.%)P 0P=(%0 @
!.%)P E0-H 0 8
!.%)P@E0-( H 0
!.&(P @ *@;0 @ P
!.&(P A *@:0!0 @
!.&)@ Z +@ @ X (
!.&)P 0 = %P 0 8
!/#+@H[N*"
!/$)2@>XX((
!/$)8PE(E08@
!/$)H X(.X*@
!/$)P800MP5
!/$+@ Z"+N H
!/%)0 HPE(50(@
!/%)8@E05((H 0
!/%)@ X8((.@"P
!/%)@ Z0+P X @
!/%)H X  (.X*@
!/%)H X .@*X (
!/%)P 0@M05( P
!/%)P 0P=(%( P
!/%)P 0PM(50 @
!/%)P00H=(%0 @
!/%*@ X (,.D"P
!/%+@ Z +H N "
!/&)@ X (0.H"H 0
!/&)H X   .@*X (
!/&)P 0 M 5P 0 8
!/&)P 0@=0%( H 0
!/&*P E -P 0 < $
!/''P 0 8@#@: ( ,
!/')P @ * ;@ @ X (
!0$)8PE(E(8P
!0$)HHU8(@-@
!0$)P800MH50
!0%)00HHE(50(@
!0%)8@E0E(8H 0
!0%)H U@(@-8 H
!0%)P 0PM(5( P
!0%)P00HM(50 @
!0&)0 H@E05((H 0
!0&)P 0 M05H 0 8
!0&)P 0@M05( H 0
!0''0 < X * #@' !
