"($%BBBB
")$&AY)!
"*#'J@1 J@
"*$&BEEB
"*$'P@D@,@ @
"*%&PA)9!
"+$'C D@E B
"+%'P 0@<@$@ @
",$&QQQQ
",$'C D@D@C
",$)B(B(B(B(
",%'B E D@B@!
",%'P 0@L@4@ @
"-$'P@S@R P
"-$*B$B<B0B
"-%)@ D(G(A( (
"-&(@ X (0.0"0 0
".$(0 KPKP0
".$(PPR0S P
".$)B(E(E(B(
".$*A0G<D$@
".$*B(B4B4B(
".$+A Y().!"
".$+A"Y.)(!
".$+PBDB,B B
".%'P S R P@!@
".%(@ D@G@AP!
".%(H X0.0*0 0
".%*@ F$DDAD $
".%*@ Z$+D D $
".%*P A$)$9$!$
".&(H X  0.0*0 0
".&)@ F D(A(#( (
".'(\     8020&0 0
"/#+JJ1$JJ
"/$(Q@R0R@Q
"/$*B$E<E0B
"/$*P$@D+D:$
"/$+A$Y*)*!$
"/$+A8G2D&@
"/$+AHDNF"@
"/$+B,B2B4B(
"/$,P@DD,G A
"/$,PADG,D @
"/%(@@E0G@A !@
"/%(H 40J040*0
"/%(P 00Z0.0(0
"/%(P R S@P@ P
"/%)D \(+(%( (
"/%)H T(/()( (
"/%*@ D(G4A4 (
"/%*@ F D$A<#0
"/%+@ ["*2 R "
"/%+P 0B<B$B B
"/%+P A )(9.!"
"/%+P A").9(!
"/%+P E"-R 2 "
"/&(@ E G AP @!@
"/&(P 0 X0.0*0 0
"/&)4 ((BXB@( 4
"/&)\     8(2X&@
"/&*@ [ *$ D!D $
"/&*P @ *$;D D $
"/''\     8@D@4@(@
"/'(\     8 00%P-
"/')P 0 < $('(!( (
"/')\     8 2@&X (
"/((\     8 (0.0"0 0
"/((\     8 0 % -P 0
"0")]X]X
"0%*@ E,FDAP!
"0%*@ F4DLAP 0
"0%)@ E8G0AP!
"0%)A G EH@X @
"0%)D \(/()( (
"0%)H X(-('($(
"0%(P020>0X0(
"0&)4 ( BXBX( 4
"0&)@ E G AH X @
"0&)H X ,('(%( (
"0&(@ D@G@AP! #
"0&(A G D AP#@ @
"0'(\     902P' !
"0'(@ D G A !P#@ @
"0'(@ E G AP @!0 @
"2&*4 ( B\B\( 4
"2&*PH00M$5$ 0 H
"4#/JJH1$0JJH
"4''J@1 J@  J@1 J@
