!   
!$""PP
!$##0H0
!%##PH0
!&"$TL
!&##PH8
!&#$PD,
!&$$0H4(
!'#%PJ&
!'$$8DH0
!'$$PH(,
!'$$PH4(
!'$$PP$,
!(#%PF:
!($$8DD8
!($$PH4,
!($%8D2,
!($%P06*
!($&PH%#
!(%%0H4*$
!(%%P04*$
!(%%P@,*$
!(%%PH$"&
!)#&SI&
!)$&LR%"
!)$&P35(
!)$&P@+-
!)$&PC),
!)$&TL!#
!)$%P0F:
!)%%P06*$
!)%&PD,!#
!)%%PH(*&
!)%%PH4$&
!)%%PH4*$
!)%%PH8"&
!)%'P H $ "@!@
!)&&PH$"!#
!*"'V@M@
!*#'V L@!@
!*$%V4D8
!*$%VT$&
!*$&LR%&
!*$&P3E8
!*$&PF9#
!*$&PH3-
!*$&SA,,
!*$&SA<$
!*$&SB*,
!*$&SQ$,
!*$&VL!#
!*$'0 I@2@,
!*$'P A@*@,
!*$'P F ,@!@
!*$'P I@$@#
!*$'Q@I % "
!*%%8DJ4(
!*%%PH4*&
!*%&P25*$
!*%&P@3)&
!*%&PC2*$
!*%&PD,)#
!*%&PD:"#
!*%&PF,!#
!*%&PH(+%
!*%'P J &  @!@
!*&&0H4*%"
!*&&P04*"#
!*&&P04*%"
!*&&P@,*"#
!*&&P@,*%"
!*&&P@,,!#
!*&&PH(*%"
!*&&PH(,!#
!*&&PP$,!#
!*&(P H $ " !0 P
!*''P H $ " !  @!@
!+#'S D@9@
!+$&SA<&
!+$&SI*,
!+$&V52P
!+$'8 I@2@,
!+$'P A@<@&
!+%%8DJ2,
!+%%V4DH0
!+%%VT$(,
!+%&P06U"
!+%&P25)&
!+%&P35*$
!+%&PC2)&
!+%'L R % "@!
!+%'P F 9 "@!
!+%(P H $P"0!@
!+&&P06)%"
!+&&PH(+%"
!+&&PH(.!#
!+&&PH4$%#
!+&&PH4*"#
!+&&PH4*%"
!+&&PH4,!#
!+&&PP&,!#
!+&'P 0 6 ) "@!
!+''0 H 4 $ % "@!
