!0$'; J@J@;
!0$)8PE(50-@
!0%'Q@J@* * ;
!0%(: K@@0<P$
!0%)00HH50% -@
!0&', $ U@U@$ &
!0&', $ U@U@$ ,
!0&'8 E@U@$ * &
!0&(8 D HP0P. #
!0&(P 1@70(0#@"
!0&(P@E0=@  & &
!0&)P H 48(8' !@
!0'(0 H 2P.P  # #
!0'(P P $ ,P%0$@#
!0'(P P %@-0 0#@"
!0')8 H 3 ,@!0!( P
!0((P H 4 * % "@!0 P
!1$)V8T(%P-
!1%'V U $@R@Q
!1&'V T %@- ) &
!1''Q@D@?   $ * ,
!1')0 H D 48(8' !@
!1'*0 H 4 *,$,#@ P
!1))P H 4 * % "@ @ H 8
!2%'Q@J@* J@Q@
!2&'V T@%@- ) &
!2'*8 D 4 ),&D H P
!2))P H 4 * % "@!0 H 8
!3'*8 D 4,)D&8 @!@
!3'(8 HPB0?@  & &
!3(+P H ( * %&"&!P 8
!3**P H 4 * % "@!0 0 4 ,
!4%)-@E(U8% -@
!4%)8PE(U8% -@
!4''Q@Q@$ . 1 J@1
!4**P H 4 * % "@!0 H 4 ,
!6**, , @ P 0 4 *,$,#@ P
!8')P8HH50% % 508P
!8**# $@$@88@$@$88$@$@#
!9*+P @ < " : DPS( 4 2 ,
!=*.,  ,  @ @P!00"@4% ** $, #@  P
!>')-@5050U85050-@
!D.. P #@ $, ** 4% 0"@P!0@ @,  *  %  "@ !0  @
