!("%VV
!($%PP&&
!($&PR%"
!)#&VU"
!)$&PR%#
!)$&PR%&
!)$&PS%"
!)$'8 I 2@!
!)%&PP&%"
!)%'0 H 9 "@!
!*"'V@U@
!*#&VU#
!*#'; J@1
!*$'0 K :@!
!*#'V T@!@
!*$&VT!#
!*%'8 H 3 "@!
!*$'8 I 2@#
!*&'0 H 8 # "@!
!*$'8 I@2@!
!*$'P I 2@#
!*%'P H 3 "@!
!*%'0 H S "@!
!*$&PS%&
!*%&PP&%#
!*$'8 I R@!
!*%'P H 9 "@!
!*$'P P %@&@
!*$'T L !@!@
!*%&PP +-
!*%&TL ##
!*$(L T@!0 @
!*$(T L@!0 @
!*&&TL "%"
!*$'P Q@$@&
!*%'P P & $@!@
!*$&SQ$&
!*&&PP&$!#
!*%&PP#),
!*$(0 HP20#
!*%(P D ,@!0 @
!*$'Q B@) 8
!*&'P @ ( 9 "@!
!*$'Q R@% "
!*%'P R % "@!
!+$'V U "@!
!+%'P R % $@#
!+$'Q R@$@#
!+$'8 E@5@(
!,%(8 D I@10 @
!,$(8 E@50(@
!-$)V V0 H P
