!,$%V44V
!,$&VU%&
!,$'Q@A = &
!,$'Q@P@' ,
!,%%VT$X@
!,%&D\ /)
!,%&PK*2,
!,%&PS%X@
!,%&SI*4(
!,%&VT$%#
!,%'L R % $@#
!,%'P 3 4@) &
!,%'P F 5 ) !@
!,%'P H 3 ,@!@
!,%'Q 2@5 * $
!,&&PH(6)#
!,&&PH4*%#
!,&'P @ < '  @!@
!,&'P P & , !@!@
!,&'P P & - ! !@
!,&(P F , !@!0 @
!,''0 H 4 * % "@!
!,''P 0 4 * % "@!
!,''P H ( . ! "@!
!,''P H 4 $ % "@!
!-%&QG8##
!-%&VU!.(
!-%'8 H K :@!
!-%'P E@- ) &
!-%'P K *@) 8
!-%'Q@I 5 * $
!-%(0 HP0P. #
!-%(8 D 4P)0&
!-&&0K:"<0
!-&&PH(69#
!-&'0 H 5@% ) &
!-&'8 H F 9 "@!
!-&'P H ( 3 ,@!@
!-&'V T $ % "@!
!-&(0 H 4P,0! #
!-''P H ( + $@"@!
!-''P H 4 $ '  @!@
!-''P H 4 * % "@!
!.$'Q@J@* ;
!.$'V T %@-@
!.$'V U % -@
!.%&8NA=&
!.%'8 )@J@R #
!.%'8 E@U@$ ,
!.%'8 I@@@? $
!.%'V T %@$@#
!.%(P HP0P. #
!.%(P HP80#@&
!.&&SA> 88
!.&'P H 5@% ) &
!.''8 D 4 + $@"@!
!.''P H 4 * % "@!@
!.''P P $ /  @"@#
!.((0 H 4 * % "@!0 @
!.((8 D 4 ( '  @!0 @
!.((P 0 4 * % "@!0 @
!.((P H 4 $ % "@!0 @
!/%(8 I J@:0!@
!/%(8@)0J@R #
!/%(; * J@Q0 @
!/&&VV .)#
!/&'8 D T %@)@,
!/&'P C >@ @' $
!/&'P D@?@  & &
!/&'P E@=@  & &
!/&)0 H 48(8' !@
!/''R E : $ % "@!
!/'(P H 2 - "@"0!@
!/((P H 4 * % "@!0 @
